<?xml version="1.0" encoding="UTF-8"?>
<testsuite xmlns:xsi="http://www.w3.org/2001/XMLSchema-instance" xsi:noNamespaceSchemaLocation="https://maven.apache.org/surefire/maven-surefire-plugin/xsd/surefire-test-report-3.0.xsd" version="3.0" name="sp_2026.airbnb.low_level_design.in_mem_database.DataBaseTest" time="0.029" tests="7" errors="0" skipped="0" failures="0">
  <properties>
[...]
</properties>
  <testcase name="rejectsWrongTypeOnInsert" classname="sp_2026.airbnb.low_level_design.in_mem_database.DataBaseTest" time="0.012"/>
  <testcase name="rejectsMissingColumnOnInsert" classname="sp_2026.airbnb.low_level_design.in_mem_database.DataBaseTest" time="0.001"/>
  <testcase name="selectWithEqualityFilterUsesIndex" classname="sp_2026.airbnb.low_level_design.in_mem_database.DataBaseTest" time="0.002"/>
  <testcase name="selectWithOrFilter" classname="sp_2026.airbnb.low_level_design.in_mem_database.DataBaseTest" time="0.001"/>
  <testcase name="insertAndSelectAllColumns" classname="sp_2026.airbnb.low_level_design.in_mem_database.DataBaseTest" time="0.0"/>
  <testcase name="rejectsDuplicateTable" classname="sp_2026.airbnb.low_level_design.in_mem_database.DataBaseTest" time="0.001"/>
  <testcase name="selectWithRangeAndAndFilter" classname="sp_2026.airbnb.low_level_design.in_mem_database.DataBaseTest" time="0.002"/>
</testsuite>